<?xml version="1.0" encoding="UTF-8"?>
<testsuite xmlns:xsi="http://www.w3.org/2001/XMLSchema-instance" xsi:noNamespaceSchemaLocation="https://maven.apache.org/surefire/maven-surefire-plugin/xsd/surefire-test-report.xsd" version="3.0.1" name="com.flashcard.AchievementTrackerTest" time="0.097" tests="1" errors="0" skipped="0" failures="0">
  <properties>
[...]
</properties>
  <testcase name="testAchievements" classname="com.flashcard.AchievementTrackerTest" time="0.057">
    <system-out><![CDATA[
--------------- Amjiltuud ---------------
REPEAT: Neg kartad 5-aas olon udaa hariulsan
CONFIDENT: Neg kartad dor hayj 3 udaa zuw hariulsan
CORRECT: Suuliin toirogt buh kartad zuw hariulsan
SPEED: Dundjaar 5 sec-s baga hugatsaand zuw hariulsan

---------------Delgerengui medeelel---------------

5-aas olon udaa hariulsan asuultuud:
"Q" - 6 udaa hariulsan

Dundaj hugatsaanii medeelel:
Niit asuultand hatiulsan dundaj hugatsaa: 0 ms

Kart bur deer zartsuulsan hugatsaa:
"Q" - dundaj hugatsaa 4000 ms (6 udaa hariulsan)
]]></system-out>
  </testcase>
</testsuite>